# project ns (3.26) configured on Fri Nov 23 16:26:31 2018 by
# waf 1.8.19 (abi 98, python 20703f0 on linux2)
# using ./waf configure
#
----------------------------------------
Setting top to
/work/jgottard/ns-3/ns-3.26
----------------------------------------
Setting out to
/work/jgottard/ns-3/ns-3.26/build
----------------------------------------
Checking for 'gcc' (C compiler)
find program=['gcc', 'cc'] paths=['/export/alt/condor/bin', '/export/alt/condor/sbin', '/usr/local/cuda/bin', '/usr/local/sbin', '/usr/local/bin', '/usr/sbin', '/usr/bin', '/sbin', '/bin', '/usr/games', '/export/alt/torque/bin', '/export/alt/torque/sbin'] var='CC' -> ['/usr/bin/gcc']
['/usr/bin/gcc', '-dM', '-E', '-']
out: #define __DBL_MIN_EXP__ (-1021)
#define __UINT_LEAST16_MAX__ 65535
#define __FLT_MIN__ 1.17549435082228750797e-38F
#define __UINT_LEAST8_TYPE__ unsigned char
#define __INTMAX_C(c) c ## L
#define __CHAR_BIT__ 8
#define __UINT8_MAX__ 255
#define __WINT_MAX__ 4294967295U
#define __ORDER_LITTLE_ENDIAN__ 1234
#define __SIZE_MAX__ 18446744073709551615UL
#define __WCHAR_MAX__ 2147483647
#define __GCC_HAVE_SYNC_COMPARE_AND_SWAP_1 1
#define __GCC_HAVE_SYNC_COMPARE_AND_SWAP_2 1
#define __GCC_HAVE_SYNC_COMPARE_AND_SWAP_4 1
#define __DBL_DENORM_MIN__ ((double)4.94065645841246544177e-324L)
#define __GCC_HAVE_SYNC_COMPARE_AND_SWAP_8 1
#define __FLT_EVAL_METHOD__ 0
#define __unix__ 1
#define __x86_64 1
#define __UINT_FAST64_MAX__ 18446744073709551615UL
#define __SIG_ATOMIC_TYPE__ int
#define __DBL_MIN_10_EXP__ (-307)
#define __FINITE_MATH_ONLY__ 0
#define __GNUC_PATCHLEVEL__ 3
#define __UINT_FAST8_MAX__ 255
#define __DEC64_MAX_EXP__ 385
#define __INT8_C(c) c
#define __UINT_LEAST64_MAX__ 18446744073709551615UL
#define __SHRT_MAX__ 32767
#define __LDBL_MAX__ 1.18973149535723176502e+4932L
#define __UINT_LEAST8_MAX__ 255
#define __UINTMAX_TYPE__ long unsigned int
#define __linux 1
#define __DEC32_EPSILON__ 1E-6DF
#define __unix 1
#define __UINT32_MAX__ 4294967295U
#define __LDBL_MAX_EXP__ 16384
#define __WINT_MIN__ 0U
#define __linux__ 1
#define __SCHAR_MAX__ 127
#define __WCHAR_MIN__ (-__WCHAR_MAX__ - 1)
#define __INT64_C(c) c ## L
#define __DBL_DIG__ 15
#define _FORTIFY_SOURCE 2
#define __SIZEOF_INT__ 4
#define __SIZEOF_POINTER__ 8
#define __USER_LABEL_PREFIX__ 
#define __STDC_HOSTED__ 1
#define __LDBL_HAS_INFINITY__ 1
#define __FLT_EPSILON__ 1.19209289550781250000e-7F
#define __LDBL_MIN__ 3.36210314311209350626e-4932L
#define __DEC32_MAX__ 9.999999E96DF
#define __INT32_MAX__ 2147483647
#define __SIZEOF_LONG__ 8
#define __UINT16_C(c) c
#define __DECIMAL_DIG__ 21
#define __gnu_linux__ 1
#define __LDBL_HAS_QUIET_NAN__ 1
#define __GNUC__ 4
#define __MMX__ 1
#define __FLT_HAS_DENORM__ 1
#define __SIZEOF_LONG_DOUBLE__ 16
#define __BIGGEST_ALIGNMENT__ 16
#define __DBL_MAX__ ((double)1.79769313486231570815e+308L)
#define __INT_FAST32_MAX__ 9223372036854775807L
#define __DBL_HAS_INFINITY__ 1
#define __DEC32_MIN_EXP__ (-94)
#define __INT_FAST16_TYPE__ long int
#define __LDBL_HAS_DENORM__ 1
#define __DEC128_MAX__ 9.999999999999999999999999999999999E6144DL
#define __INT_LEAST32_MAX__ 2147483647
#define __DEC32_MIN__ 1E-95DF
#define __DBL_MAX_EXP__ 1024
#define __DEC128_EPSILON__ 1E-33DL
#define __SSE2_MATH__ 1
#define __PTRDIFF_MAX__ 9223372036854775807L
#define __amd64 1
#define __LONG_LONG_MAX__ 9223372036854775807LL
#define __SIZEOF_SIZE_T__ 8
#define __SIZEOF_WINT_T__ 4
#define __GCC_HAVE_DWARF2_CFI_ASM 1
#define __GXX_ABI_VERSION 1002
#define __FLT_MIN_EXP__ (-125)
#define __INT_FAST64_TYPE__ long int
#define __DBL_MIN__ ((double)2.22507385850720138309e-308L)
#define __LP64__ 1
#define __DECIMAL_BID_FORMAT__ 1
#define __DEC128_MIN__ 1E-6143DL
#define __REGISTER_PREFIX__ 
#define __UINT16_MAX__ 65535
#define __DBL_HAS_DENORM__ 1
#define __UINT8_TYPE__ unsigned char
#define __NO_INLINE__ 1
#define __FLT_MANT_DIG__ 24
#define __VERSION__ "4.6.3"
#define __UINT64_C(c) c ## UL
#define __FLOAT_WORD_ORDER__ __ORDER_LITTLE_ENDIAN__
#define __INT32_C(c) c
#define __DEC64_EPSILON__ 1E-15DD
#define __ORDER_PDP_ENDIAN__ 3412
#define __DEC128_MIN_EXP__ (-6142)
#define __INT_FAST32_TYPE__ long int
#define __UINT_LEAST16_TYPE__ short unsigned int
#define unix 1
#define __INT16_MAX__ 32767
#define __SIZE_TYPE__ long unsigned int
#define __UINT64_MAX__ 18446744073709551615UL
#define __INT8_TYPE__ signed char
#define __ELF__ 1
#define __FLT_RADIX__ 2
#define __INT_LEAST16_TYPE__ short int
#define __LDBL_EPSILON__ 1.08420217248550443401e-19L
#define __UINTMAX_C(c) c ## UL
#define __SSE_MATH__ 1
#define __k8 1
#define __SIG_ATOMIC_MAX__ 2147483647
#define __SIZEOF_PTRDIFF_T__ 8
#define __x86_64__ 1
#define __DEC32_SUBNORMAL_MIN__ 0.000001E-95DF
#define __INT_FAST16_MAX__ 9223372036854775807L
#define __UINT_FAST32_MAX__ 18446744073709551615UL
#define __UINT_LEAST64_TYPE__ long unsigned int
#define __FLT_HAS_QUIET_NAN__ 1
#define __FLT_MAX_10_EXP__ 38
#define __LONG_MAX__ 9223372036854775807L
#define __DEC128_SUBNORMAL_MIN__ 0.000000000000000000000000000000001E-6143DL
#define __FLT_HAS_INFINITY__ 1
#define __UINT_FAST16_TYPE__ long unsigned int
#define __DEC64_MAX__ 9.999999999999999E384DD
#define __CHAR16_TYPE__ short unsigned int
#define __PRAGMA_REDEFINE_EXTNAME 1
#define __INT_LEAST16_MAX__ 32767
#define __DEC64_MANT_DIG__ 16
#define __INT64_MAX__ 9223372036854775807L
#define __UINT_LEAST32_MAX__ 4294967295U
#define __INT_LEAST64_TYPE__ long int
#define __INT16_TYPE__ short int
#define __INT_LEAST8_TYPE__ signed char
#define __DEC32_MAX_EXP__ 97
#define __INT_FAST8_MAX__ 127
#define __INTPTR_MAX__ 9223372036854775807L
#define linux 1
#define __SSE2__ 1
#define __LDBL_MANT_DIG__ 64
#define __DBL_HAS_QUIET_NAN__ 1
#define __SIG_ATOMIC_MIN__ (-__SIG_ATOMIC_MAX__ - 1)
#define __k8__ 1
#define __INTPTR_TYPE__ long int
#define __UINT16_TYPE__ short unsigned int
#define __WCHAR_TYPE__ int
#define __SIZEOF_FLOAT__ 4
#define __UINTPTR_MAX__ 18446744073709551615UL
#define __DEC64_MIN_EXP__ (-382)
#define __INT_FAST64_MAX__ 9223372036854775807L
#define __FLT_DIG__ 6
#define __UINT_FAST64_TYPE__ long unsigned int
#define __INT_MAX__ 2147483647
#define __amd64__ 1
#define __INT64_TYPE__ long int
#define __FLT_MAX_EXP__ 128
#define __ORDER_BIG_ENDIAN__ 4321
#define __DBL_MANT_DIG__ 53
#define __INT_LEAST64_MAX__ 9223372036854775807L
#define __DEC64_MIN__ 1E-383DD
#define __WINT_TYPE__ unsigned int
#define __UINT_LEAST32_TYPE__ unsigned int
#define __SIZEOF_SHORT__ 2
#define __SSE__ 1
#define __LDBL_MIN_EXP__ (-16381)
#define __INT_LEAST8_MAX__ 127
#define __SSP__ 1
#define __SIZEOF_INT128__ 16
#define __LDBL_MAX_10_EXP__ 4932
#define __DBL_EPSILON__ ((double)2.22044604925031308085e-16L)
#define _LP64 1
#define __UINT8_C(c) c
#define __INT_LEAST32_TYPE__ int
#define __SIZEOF_WCHAR_T__ 4
#define __UINT64_TYPE__ long unsigned int
#define __INT_FAST8_TYPE__ signed char
#define __DBL_DECIMAL_DIG__ 17
#define __DEC_EVAL_METHOD__ 2
#define __UINT32_C(c) c ## U
#define __INTMAX_MAX__ 9223372036854775807L
#define __BYTE_ORDER__ __ORDER_LITTLE_ENDIAN__
#define __FLT_DENORM_MIN__ 1.40129846432481707092e-45F
#define __INT8_MAX__ 127
#define __UINT_FAST32_TYPE__ long unsigned int
#define __CHAR32_TYPE__ unsigned int
#define __FLT_MAX__ 3.40282346638528859812e+38F
#define __INT32_TYPE__ int
#define __SIZEOF_DOUBLE__ 8
#define __FLT_MIN_10_EXP__ (-37)
#define __INTMAX_TYPE__ long int
#define __DEC128_MAX_EXP__ 6145
#define __GNUC_MINOR__ 6
#define __UINTMAX_MAX__ 18446744073709551615UL
#define __DEC32_MANT_DIG__ 7
#define __DBL_MAX_10_EXP__ 308
#define __LDBL_DENORM_MIN__ 3.64519953188247460253e-4951L
#define __INT16_C(c) c
#define __STDC__ 1
#define __PTRDIFF_TYPE__ long int
#define __UINT32_TYPE__ unsigned int
#define __UINTPTR_TYPE__ long unsigned int
#define __DEC64_SUBNORMAL_MIN__ 0.000000000000001E-383DD
#define __DEC128_MANT_DIG__ 34
#define __LDBL_MIN_10_EXP__ (-4931)
#define __SIZEOF_LONG_LONG__ 8
#define __LDBL_DIG__ 18
#define __FLT_DECIMAL_DIG__ 9
#define __UINT_FAST16_MAX__ 18446744073709551615UL
#define __GNUC_GNU_INLINE__ 1
#define __UINT_FAST8_TYPE__ unsigned char

find program=['ar'] paths=['/export/alt/condor/bin', '/export/alt/condor/sbin', '/usr/local/cuda/bin', '/usr/local/sbin', '/usr/local/bin', '/usr/sbin', '/usr/bin', '/sbin', '/bin', '/usr/games', '/export/alt/torque/bin', '/export/alt/torque/sbin'] var='AR' -> ['/usr/bin/ar']
/usr/bin/gcc
----------------------------------------
Checking for cc version
4.6.3
----------------------------------------
Checking for 'g++' (C++ compiler)
find program=['g++', 'c++'] paths=['/export/alt/condor/bin', '/export/alt/condor/sbin', '/usr/local/cuda/bin', '/usr/local/sbin', '/usr/local/bin', '/usr/sbin', '/usr/bin', '/sbin', '/bin', '/usr/games', '/export/alt/torque/bin', '/export/alt/torque/sbin'] var='CXX' -> ['/usr/bin/g++']
['/usr/bin/g++', '-dM', '-E', '-']
out: #define __DBL_MIN_EXP__ (-1021)
#define __UINT_LEAST16_MAX__ 65535
#define __FLT_MIN__ 1.17549435082228750797e-38F
#define __UINT_LEAST8_TYPE__ unsigned char
#define __INTMAX_C(c) c ## L
#define __CHAR_BIT__ 8
#define __UINT8_MAX__ 255
#define __WINT_MAX__ 4294967295U
#define __ORDER_LITTLE_ENDIAN__ 1234
#define __SIZE_MAX__ 18446744073709551615UL
#define __WCHAR_MAX__ 2147483647
#define __GCC_HAVE_SYNC_COMPARE_AND_SWAP_1 1
#define __GCC_HAVE_SYNC_COMPARE_AND_SWAP_2 1
#define __GCC_HAVE_SYNC_COMPARE_AND_SWAP_4 1
#define __DBL_DENORM_MIN__ ((double)4.94065645841246544177e-324L)
#define __GCC_HAVE_SYNC_COMPARE_AND_SWAP_8 1
#define __FLT_EVAL_METHOD__ 0
#define __unix__ 1
#define __x86_64 1
#define __UINT_FAST64_MAX__ 18446744073709551615UL
#define __SIG_ATOMIC_TYPE__ int
#define __DBL_MIN_10_EXP__ (-307)
#define __FINITE_MATH_ONLY__ 0
#define __GNUC_PATCHLEVEL__ 3
#define __UINT_FAST8_MAX__ 255
#define __DEC64_MAX_EXP__ 385
#define __INT8_C(c) c
#define __UINT_LEAST64_MAX__ 18446744073709551615UL
#define __SHRT_MAX__ 32767
#define __LDBL_MAX__ 1.18973149535723176502e+4932L
#define __UINT_LEAST8_MAX__ 255
#define __UINTMAX_TYPE__ long unsigned int
#define __linux 1
#define __DEC32_EPSILON__ 1E-6DF
#define __unix 1
#define __UINT32_MAX__ 4294967295U
#define __LDBL_MAX_EXP__ 16384
#define __WINT_MIN__ 0U
#define __linux__ 1
#define __SCHAR_MAX__ 127
#define __WCHAR_MIN__ (-__WCHAR_MAX__ - 1)
#define __INT64_C(c) c ## L
#define __DBL_DIG__ 15
#define _FORTIFY_SOURCE 2
#define __SIZEOF_INT__ 4
#define __SIZEOF_POINTER__ 8
#define __USER_LABEL_PREFIX__ 
#define __STDC_HOSTED__ 1
#define __LDBL_HAS_INFINITY__ 1
#define __FLT_EPSILON__ 1.19209289550781250000e-7F
#define __LDBL_MIN__ 3.36210314311209350626e-4932L
#define __DEC32_MAX__ 9.999999E96DF
#define __INT32_MAX__ 2147483647
#define __SIZEOF_LONG__ 8
#define __UINT16_C(c) c
#define __DECIMAL_DIG__ 21
#define __gnu_linux__ 1
#define __LDBL_HAS_QUIET_NAN__ 1
#define __GNUC__ 4
#define __MMX__ 1
#define __FLT_HAS_DENORM__ 1
#define __SIZEOF_LONG_DOUBLE__ 16
#define __BIGGEST_ALIGNMENT__ 16
#define __DBL_MAX__ ((double)1.79769313486231570815e+308L)
#define __INT_FAST32_MAX__ 9223372036854775807L
#define __DBL_HAS_INFINITY__ 1
#define __DEC32_MIN_EXP__ (-94)
#define __INT_FAST16_TYPE__ long int
#define __LDBL_HAS_DENORM__ 1
#define __DEC128_MAX__ 9.999999999999999999999999999999999E6144DL
#define __INT_LEAST32_MAX__ 2147483647
#define __DEC32_MIN__ 1E-95DF
#define __DBL_MAX_EXP__ 1024
#define __DEC128_EPSILON__ 1E-33DL
#define __SSE2_MATH__ 1
#define __PTRDIFF_MAX__ 9223372036854775807L
#define __amd64 1
#define __LONG_LONG_MAX__ 9223372036854775807LL
#define __SIZEOF_SIZE_T__ 8
#define __SIZEOF_WINT_T__ 4
#define __GCC_HAVE_DWARF2_CFI_ASM 1
#define __GXX_ABI_VERSION 1002
#define __FLT_MIN_EXP__ (-125)
#define __INT_FAST64_TYPE__ long int
#define __DBL_MIN__ ((double)2.22507385850720138309e-308L)
#define __LP64__ 1
#define __DECIMAL_BID_FORMAT__ 1
#define __DEC128_MIN__ 1E-6143DL
#define __REGISTER_PREFIX__ 
#define __UINT16_MAX__ 65535
#define __DBL_HAS_DENORM__ 1
#define __UINT8_TYPE__ unsigned char
#define __NO_INLINE__ 1
#define __FLT_MANT_DIG__ 24
#define __VERSION__ "4.6.3"
#define __UINT64_C(c) c ## UL
#define __FLOAT_WORD_ORDER__ __ORDER_LITTLE_ENDIAN__
#define __INT32_C(c) c
#define __DEC64_EPSILON__ 1E-15DD
#define __ORDER_PDP_ENDIAN__ 3412
#define __DEC128_MIN_EXP__ (-6142)
#define __INT_FAST32_TYPE__ long int
#define __UINT_LEAST16_TYPE__ short unsigned int
#define unix 1
#define __INT16_MAX__ 32767
#define __SIZE_TYPE__ long unsigned int
#define __UINT64_MAX__ 18446744073709551615UL
#define __INT8_TYPE__ signed char
#define __ELF__ 1
#define __FLT_RADIX__ 2
#define __INT_LEAST16_TYPE__ short int
#define __LDBL_EPSILON__ 1.08420217248550443401e-19L
#define __UINTMAX_C(c) c ## UL
#define __SSE_MATH__ 1
#define __k8 1
#define __SIG_ATOMIC_MAX__ 2147483647
#define __SIZEOF_PTRDIFF_T__ 8
#define __x86_64__ 1
#define __DEC32_SUBNORMAL_MIN__ 0.000001E-95DF
#define __INT_FAST16_MAX__ 9223372036854775807L
#define __UINT_FAST32_MAX__ 18446744073709551615UL
#define __UINT_LEAST64_TYPE__ long unsigned int
#define __FLT_HAS_QUIET_NAN__ 1
#define __FLT_MAX_10_EXP__ 38
#define __LONG_MAX__ 9223372036854775807L
#define __DEC128_SUBNORMAL_MIN__ 0.000000000000000000000000000000001E-6143DL
#define __FLT_HAS_INFINITY__ 1
#define __UINT_FAST16_TYPE__ long unsigned int
#define __DEC64_MAX__ 9.999999999999999E384DD
#define __CHAR16_TYPE__ short unsigned int
#define __PRAGMA_REDEFINE_EXTNAME 1
#define __INT_LEAST16_MAX__ 32767
#define __DEC64_MANT_DIG__ 16
#define __INT64_MAX__ 9223372036854775807L
#define __UINT_LEAST32_MAX__ 4294967295U
#define __INT_LEAST64_TYPE__ long int
#define __INT16_TYPE__ short int
#define __INT_LEAST8_TYPE__ signed char
#define __DEC32_MAX_EXP__ 97
#define __INT_FAST8_MAX__ 127
#define __INTPTR_MAX__ 9223372036854775807L
#define linux 1
#define __SSE2__ 1
#define __LDBL_MANT_DIG__ 64
#define __DBL_HAS_QUIET_NAN__ 1
#define __SIG_ATOMIC_MIN__ (-__SIG_ATOMIC_MAX__ - 1)
#define __k8__ 1
#define __INTPTR_TYPE__ long int
#define __UINT16_TYPE__ short unsigned int
#define __WCHAR_TYPE__ int
#define __SIZEOF_FLOAT__ 4
#define __UINTPTR_MAX__ 18446744073709551615UL
#define __DEC64_MIN_EXP__ (-382)
#define __INT_FAST64_MAX__ 9223372036854775807L
#define __FLT_DIG__ 6
#define __UINT_FAST64_TYPE__ long unsigned int
#define __INT_MAX__ 2147483647
#define __amd64__ 1
#define __INT64_TYPE__ long int
#define __FLT_MAX_EXP__ 128
#define __ORDER_BIG_ENDIAN__ 4321
#define __DBL_MANT_DIG__ 53
#define __INT_LEAST64_MAX__ 9223372036854775807L
#define __DEC64_MIN__ 1E-383DD
#define __WINT_TYPE__ unsigned int
#define __UINT_LEAST32_TYPE__ unsigned int
#define __SIZEOF_SHORT__ 2
#define __SSE__ 1
#define __LDBL_MIN_EXP__ (-16381)
#define __INT_LEAST8_MAX__ 127
#define __SSP__ 1
#define __SIZEOF_INT128__ 16
#define __LDBL_MAX_10_EXP__ 4932
#define __DBL_EPSILON__ ((double)2.22044604925031308085e-16L)
#define _LP64 1
#define __UINT8_C(c) c
#define __INT_LEAST32_TYPE__ int
#define __SIZEOF_WCHAR_T__ 4
#define __UINT64_TYPE__ long unsigned int
#define __INT_FAST8_TYPE__ signed char
#define __DBL_DECIMAL_DIG__ 17
#define __DEC_EVAL_METHOD__ 2
#define __UINT32_C(c) c ## U
#define __INTMAX_MAX__ 9223372036854775807L
#define __BYTE_ORDER__ __ORDER_LITTLE_ENDIAN__
#define __FLT_DENORM_MIN__ 1.40129846432481707092e-45F
#define __INT8_MAX__ 127
#define __UINT_FAST32_TYPE__ long unsigned int
#define __CHAR32_TYPE__ unsigned int
#define __FLT_MAX__ 3.40282346638528859812e+38F
#define __INT32_TYPE__ int
#define __SIZEOF_DOUBLE__ 8
#define __FLT_MIN_10_EXP__ (-37)
#define __INTMAX_TYPE__ long int
#define __DEC128_MAX_EXP__ 6145
#define __GNUC_MINOR__ 6
#define __UINTMAX_MAX__ 18446744073709551615UL
#define __DEC32_MANT_DIG__ 7
#define __DBL_MAX_10_EXP__ 308
#define __LDBL_DENORM_MIN__ 3.64519953188247460253e-4951L
#define __INT16_C(c) c
#define __STDC__ 1
#define __PTRDIFF_TYPE__ long int
#define __UINT32_TYPE__ unsigned int
#define __UINTPTR_TYPE__ long unsigned int
#define __DEC64_SUBNORMAL_MIN__ 0.000000000000001E-383DD
#define __DEC128_MANT_DIG__ 34
#define __LDBL_MIN_10_EXP__ (-4931)
#define __SIZEOF_LONG_LONG__ 8
#define __LDBL_DIG__ 18
#define __FLT_DECIMAL_DIG__ 9
#define __UINT_FAST16_MAX__ 18446744073709551615UL
#define __GNUC_GNU_INLINE__ 1
#define __UINT_FAST8_TYPE__ unsigned char

(tool ar is already loaded, skipping)
/usr/bin/g++
------------------------------------------------------
Checking for compilation flag -Wl,--soname=foo support
==>
int main() { return 0; }
<==
[1/1] Compiling [32mbuild/.conf_check_8299f25444ab566ea460cc34eb5687d3/test.cpp[0m

['/usr/bin/g++', '-std=gnu++98', '-Wl,--soname=foo', '-DNS3_BUILD_PROFILE_DEBUG', '-DNS3_ASSERT_ENABLE', '-DNS3_LOG_ENABLE', '../test.cpp', '-c', '-o', '/work/jgottard/ns-3/ns-3.26/build/.conf_check_8299f25444ab566ea460cc34eb5687d3/testbuild/test.cpp.1.o']
ok
------------------------------------------------------
Checking for program 'python'
/usr/bin/python
find program=['python'] paths=['/export/alt/condor/bin', '/export/alt/condor/sbin', '/usr/local/cuda/bin', '/usr/local/sbin', '/usr/local/bin', '/usr/sbin', '/usr/bin', '/sbin', '/bin', '/usr/games', '/export/alt/torque/bin', '/export/alt/torque/sbin'] var='PYTHON' -> ['/usr/bin/python']
['/usr/bin/python', '-c', 'import imp;print(imp.get_tag())']
err: Traceback (most recent call last):
  File "<string>", line 1, in <module>
AttributeError: 'module' object has no attribute 'get_tag'

['/usr/bin/python', '-c', 'import sys\nfor x in sys.version_info: print(str(x))']
out: 2
7
3
final
0

['/usr/bin/python', '-c', "from distutils.sysconfig import get_config_var, get_python_lib\n\nprint(repr(get_python_lib(standard_lib=0, prefix='/usr/local') or ''))"]
out: '/usr/local/lib/python2.7/dist-packages'

'/usr/local/lib/python2.7/dist-packages'

['/usr/bin/python', '-c', "from distutils.sysconfig import get_config_var, get_python_lib\n\nprint(repr(get_python_lib(plat_specific=1, standard_lib=0, prefix='/usr/local') or ''))"]
out: '/usr/local/lib/python2.7/dist-packages'

'/usr/local/lib/python2.7/dist-packages'

------------------------------------------------------
Checking for python version
(2, 7, 3, 'final', 0)
['/usr/bin/python', '-c', "from distutils.sysconfig import get_config_var, get_python_lib\n\nprint(repr(get_config_var('prefix') or ''))\nprint(repr(get_config_var('SO') or ''))\nprint(repr(get_config_var('LDFLAGS') or ''))\nprint(repr(get_config_var('LIBDIR') or ''))\nprint(repr(get_config_var('LIBPL') or ''))\nprint(repr(get_config_var('INCLUDEPY') or ''))\nprint(repr(get_config_var('Py_ENABLE_SHARED') or ''))\nprint(repr(get_config_var('MACOSX_DEPLOYMENT_TARGET') or ''))\nprint(repr(get_config_var('LDSHARED') or ''))\nprint(repr(get_config_var('CFLAGS') or ''))\nprint(repr(get_config_var('LDVERSION') or ''))"]
out: '/usr'
'.so'
'-Wl,-Bsymbolic-functions -Wl,-z,relro'
'/usr/lib'
'/usr/lib/python2.7/config'
'/usr/include/python2.7'
''
''
'gcc -pthread -shared -Wl,-O1 -Wl,-Bsymbolic-functions -Wl,-Bsymbolic-functions -Wl,-z,relro'
'-fno-strict-aliasing -DNDEBUG -g -fwrapv -O2 -Wall -Wstrict-prototypes -g -fstack-protector --param=ssp-buffer-size=4 -Wformat -Wformat-security -Werror=format-security'
''

'/usr'
'.so'
'-Wl,-Bsymbolic-functions -Wl,-z,relro'
'/usr/lib'
'/usr/lib/python2.7/config'
'/usr/include/python2.7'
''
''
'gcc -pthread -shared -Wl,-O1 -Wl,-Bsymbolic-functions -Wl,-Bsymbolic-functions -Wl,-z,relro'
'-fno-strict-aliasing -DNDEBUG -g -fwrapv -O2 -Wall -Wstrict-prototypes -g -fstack-protector --param=ssp-buffer-size=4 -Wformat -Wformat-security -Werror=format-security'
''

Configuration returned from ['/usr/bin/python']:
prefix = '/usr'
SO = '.so'
LDFLAGS = '-Wl,-Bsymbolic-functions -Wl,-z,relro'
LIBDIR = '/usr/lib'
LIBPL = '/usr/lib/python2.7/config'
INCLUDEPY = '/usr/include/python2.7'
Py_ENABLE_SHARED = ''
MACOSX_DEPLOYMENT_TARGET = ''
LDSHARED = 'gcc -pthread -shared -Wl,-O1 -Wl,-Bsymbolic-functions -Wl,-Bsymbolic-functions -Wl,-z,relro'
CFLAGS = '-fno-strict-aliasing -DNDEBUG -g -fwrapv -O2 -Wall -Wstrict-prototypes -g -fstack-protector --param=ssp-buffer-size=4 -Wformat -Wformat-security -Werror=format-security'
LDVERSION = ''

------------------------------------------------------
python-config
/usr/bin/python-config
find program=['/usr/bin/python-config', 'python2.7-config', 'python-config-2.7', 'python2.7m-config'] paths=['/export/alt/condor/bin', '/export/alt/condor/sbin', '/usr/local/cuda/bin', '/usr/local/sbin', '/usr/local/bin', '/usr/sbin', '/usr/bin', '/sbin', '/bin', '/usr/games', '/export/alt/torque/bin', '/export/alt/torque/sbin'] var='PYTHON_CONFIG' -> ['/usr/bin/python-config']
------------------------------------------------------------------
Asking python-config for pyembed '--cflags --libs --ldflags' flags
['/usr/bin/python-config', '--cflags', '--libs', '--ldflags']
out: -I/usr/include/python2.7 -I/usr/include/python2.7 -fno-strict-aliasing -DNDEBUG -g -fwrapv -O2 -Wall -Wstrict-prototypes -g -fstack-protector --param=ssp-buffer-size=4 -Wformat -Wformat-security -Werror=format-security
-lpthread -ldl -lutil -lm -lpython2.7
-L/usr/lib/python2.7/config -lpthread -ldl -lutil -lm -lpython2.7 -Xlinker -export-dynamic -Wl,-O1 -Wl,-Bsymbolic-functions

yes
------------------------------------------------------------------
Testing pyembed configuration
==>

#include <Python.h>
#ifdef __cplusplus
extern "C" {
#endif
	void Py_Initialize(void);
	void Py_Finalize(void);
#ifdef __cplusplus
}
#endif
int main(int argc, char **argv)
{
   (void)argc; (void)argv;
   Py_Initialize();
   Py_Finalize();
   return 0;
}

<==
[1/2] Compiling [32mbuild/.conf_check_c2ca51c7610ce56402d0b90ab23bf21d/test.cpp[0m

['/usr/bin/g++', '-std=gnu++98', '-std=c++11', '-fno-strict-aliasing', '-fwrapv', '-fstack-protector', '-I/usr/include/python2.7', '-DNS3_BUILD_PROFILE_DEBUG', '-DNS3_ASSERT_ENABLE', '-DNS3_LOG_ENABLE', '-DPYTHONDIR="/usr/local/lib/python2.7/dist-packages"', '-DPYTHONARCHDIR="/usr/local/lib/python2.7/dist-packages"', '-DHAVE_PYEMBED=1', '-DNDEBUG', '../test.cpp', '-c', '-o', '/work/jgottard/ns-3/ns-3.26/build/.conf_check_c2ca51c7610ce56402d0b90ab23bf21d/testbuild/test.cpp.1.o']
err: cc1plus: error: unrecognized command line option â€˜-std=c++11â€™

from /work/jgottard/ns-3/ns-3.26/bindings/python: Test does not build: Traceback (most recent call last):
  File "/work/jgottard/ns-3/ns-3.26/.waf-1.8.19-b1fc8f7baef51bd2db4c2971909a568d/waflib/Configure.py", line 335, in run_build
    bld.compile()
  File "/work/jgottard/ns-3/ns-3.26/.waf-1.8.19-b1fc8f7baef51bd2db4c2971909a568d/waflib/Build.py", line 185, in compile
    raise Errors.BuildError(self.producer.error)
BuildError: Build failed
 -> task in 'testprog' failed (exit status 1): 
	{task 47677840: cxx test.cpp -> test.cpp.1.o}
['/usr/bin/g++', '-std=gnu++98', '-std=c++11', '-fno-strict-aliasing', '-fwrapv', '-fstack-protector', '-I/usr/include/python2.7', '-DNS3_BUILD_PROFILE_DEBUG', '-DNS3_ASSERT_ENABLE', '-DNS3_LOG_ENABLE', '-DPYTHONDIR="/usr/local/lib/python2.7/dist-packages"', '-DPYTHONARCHDIR="/usr/local/lib/python2.7/dist-packages"', '-DHAVE_PYEMBED=1', '-DNDEBUG', '../test.cpp', '-c', '-o', '/work/jgottard/ns-3/ns-3.26/build/.conf_check_c2ca51c7610ce56402d0b90ab23bf21d/testbuild/test.cpp.1.o']

Could not build a python embedded interpreter
from /work/jgottard/ns-3/ns-3.26/bindings/python: The configuration failed
------------------------------------------------------------------
Checking boost includes
1_48
------------------------------------------------------------------
Checking boost libs
Found the boost path in /usr/lib with the libraries:
    /usr/lib/libboost_chrono-mt.a
    /usr/lib/libboost_chrono-mt.so
    /usr/lib/libboost_chrono.a
    /usr/lib/libboost_chrono.so
    /usr/lib/libboost_chrono.so.1.48.0
    /usr/lib/libboost_date_time-mt.a
    /usr/lib/libboost_date_time-mt.so
    /usr/lib/libboost_date_time.a
    /usr/lib/libboost_date_time.so
    /usr/lib/libboost_date_time.so.1.48.0
    /usr/lib/libboost_filesystem-mt.a
    /usr/lib/libboost_filesystem-mt.so
    /usr/lib/libboost_filesystem.a
    /usr/lib/libboost_filesystem.so
    /usr/lib/libboost_filesystem.so.1.48.0
    /usr/lib/libboost_graph-mt.a
    /usr/lib/libboost_graph-mt.so
    /usr/lib/libboost_graph.a
    /usr/lib/libboost_graph.so
    /usr/lib/libboost_graph.so.1.48.0
    /usr/lib/libboost_graph_parallel-mt.a
    /usr/lib/libboost_graph_parallel-mt.so
    /usr/lib/libboost_graph_parallel.a
    /usr/lib/libboost_graph_parallel.so
    /usr/lib/libboost_graph_parallel.so.1.48.0
    /usr/lib/libboost_iostreams-mt.a
    /usr/lib/libboost_iostreams-mt.so
    /usr/lib/libboost_iostreams.a
    /usr/lib/libboost_iostreams.so
    /usr/lib/libboost_iostreams.so.1.46.1
    /usr/lib/libboost_iostreams.so.1.48.0
    /usr/lib/libboost_locale-mt.a
    /usr/lib/libboost_locale-mt.so
    /usr/lib/libboost_locale.a
    /usr/lib/libboost_locale.so
    /usr/lib/libboost_locale.so.1.48.0
    /usr/lib/libboost_math_c99-mt.a
    /usr/lib/libboost_math_c99-mt.so
    /usr/lib/libboost_math_c99.a
    /usr/lib/libboost_math_c99.so
    /usr/lib/libboost_math_c99.so.1.48.0
    /usr/lib/libboost_math_c99f-mt.a
    /usr/lib/libboost_math_c99f-mt.so
    /usr/lib/libboost_math_c99f.a
    /usr/lib/libboost_math_c99f.so
    /usr/lib/libboost_math_c99f.so.1.48.0
    /usr/lib/libboost_math_c99l-mt.a
    /usr/lib/libboost_math_c99l-mt.so
    /usr/lib/libboost_math_c99l.a
    /usr/lib/libboost_math_c99l.so
    /usr/lib/libboost_math_c99l.so.1.48.0
    /usr/lib/libboost_math_tr1-mt.a
    /usr/lib/libboost_math_tr1-mt.so
    /usr/lib/libboost_math_tr1.a
    /usr/lib/libboost_math_tr1.so
    /usr/lib/libboost_math_tr1.so.1.48.0
    /usr/lib/libboost_math_tr1f-mt.a
    /usr/lib/libboost_math_tr1f-mt.so
    /usr/lib/libboost_math_tr1f.a
    /usr/lib/libboost_math_tr1f.so
    /usr/lib/libboost_math_tr1f.so.1.48.0
    /usr/lib/libboost_math_tr1l-mt.a
    /usr/lib/libboost_math_tr1l-mt.so
    /usr/lib/libboost_math_tr1l.a
    /usr/lib/libboost_math_tr1l.so
    /usr/lib/libboost_math_tr1l.so.1.48.0
    /usr/lib/libboost_mpi-mt.a
    /usr/lib/libboost_mpi-mt.so
    /usr/lib/libboost_mpi.a
    /usr/lib/libboost_mpi.so
    /usr/lib/libboost_mpi.so.1.48.0
    /usr/lib/libboost_mpi_python-mt-py27.a
    /usr/lib/libboost_mpi_python-mt-py27.so
    /usr/lib/libboost_mpi_python-mt-py32.a
    /usr/lib/libboost_mpi_python-mt-py32.so
    /usr/lib/libboost_mpi_python-py27.a
    /usr/lib/libboost_mpi_python-py27.so
    /usr/lib/libboost_mpi_python-py27.so.1.48.0
    /usr/lib/libboost_mpi_python-py32.a
    /usr/lib/libboost_mpi_python-py32.so
    /usr/lib/libboost_mpi_python-py32.so.1.48.0
    /usr/lib/libboost_mpi_python.a
    /usr/lib/libboost_mpi_python.so
    /usr/lib/libboost_prg_exec_monitor-mt.a
    /usr/lib/libboost_prg_exec_monitor-mt.so
    /usr/lib/libboost_prg_exec_monitor.a
    /usr/lib/libboost_prg_exec_monitor.so
    /usr/lib/libboost_prg_exec_monitor.so.1.48.0
    /usr/lib/libboost_program_options-mt.a
    /usr/lib/libboost_program_options-mt.so
    /usr/lib/libboost_program_options.a
    /usr/lib/libboost_program_options.so
    /usr/lib/libboost_program_options.so.1.48.0
    /usr/lib/libboost_python-mt-py27.a
    /usr/lib/libboost_python-mt-py27.so
    /usr/lib/libboost_python-mt-py32.a
    /usr/lib/libboost_python-mt-py32.so
    /usr/lib/libboost_python-py27.a
    /usr/lib/libboost_python-py27.so
    /usr/lib/libboost_python-py27.so.1.48.0
    /usr/lib/libboost_python-py32.a
    /usr/lib/libboost_python-py32.so
    /usr/lib/libboost_python-py32.so.1.48.0
    /usr/lib/libboost_python.a
    /usr/lib/libboost_python.so
    /usr/lib/libboost_random-mt.a
    /usr/lib/libboost_random-mt.so
    /usr/lib/libboost_random.a
    /usr/lib/libboost_random.so
    /usr/lib/libboost_random.so.1.48.0
    /usr/lib/libboost_regex-mt.a
    /usr/lib/libboost_regex-mt.so
    /usr/lib/libboost_regex.a
    /usr/lib/libboost_regex.so
    /usr/lib/libboost_regex.so.1.48.0
    /usr/lib/libboost_serialization-mt.a
    /usr/lib/libboost_serialization-mt.so
    /usr/lib/libboost_serialization.a
    /usr/lib/libboost_serialization.so
    /usr/lib/libboost_serialization.so.1.46.1
    /usr/lib/libboost_serialization.so.1.48.0
    /usr/lib/libboost_signals-mt.a
    /usr/lib/libboost_signals-mt.so
    /usr/lib/libboost_signals.a
    /usr/lib/libboost_signals.so
    /usr/lib/libboost_signals.so.1.46.1
    /usr/lib/libboost_signals.so.1.48.0
    /usr/lib/libboost_system-mt.a
    /usr/lib/libboost_system-mt.so
    /usr/lib/libboost_system.a
    /usr/lib/libboost_system.so
    /usr/lib/libboost_system.so.1.48.0
    /usr/lib/libboost_test_exec_monitor-mt.a
    /usr/lib/libboost_test_exec_monitor.a
    /usr/lib/libboost_thread-mt.a
    /usr/lib/libboost_thread-mt.so
    /usr/lib/libboost_thread.a
    /usr/lib/libboost_thread.so
    /usr/lib/libboost_thread.so.1.48.0
    /usr/lib/libboost_timer-mt.a
    /usr/lib/libboost_timer-mt.so
    /usr/lib/libboost_timer.a
    /usr/lib/libboost_timer.so
    /usr/lib/libboost_timer.so.1.48.0
    /usr/lib/libboost_unit_test_framework-mt.a
    /usr/lib/libboost_unit_test_framework-mt.so
    /usr/lib/libboost_unit_test_framework.a
    /usr/lib/libboost_unit_test_framework.so
    /usr/lib/libboost_unit_test_framework.so.1.48.0
    /usr/lib/libboost_wave-mt.a
    /usr/lib/libboost_wave-mt.so
    /usr/lib/libboost_wave.a
    /usr/lib/libboost_wave.so
    /usr/lib/libboost_wave.so.1.48.0
    /usr/lib/libboost_wserialization-mt.a
    /usr/lib/libboost_wserialization-mt.so
    /usr/lib/libboost_wserialization.a
    /usr/lib/libboost_wserialization.so
    /usr/lib/libboost_wserialization.so.1.46.1
    /usr/lib/libboost_wserialization.so.1.48.0
Trying pattern boost_system(-gcc[0-9]{0,3})-1_48.so$
Trying pattern boost_system-1_48.so$
Trying pattern boost_system(-gcc[0-9]{0,3}).so$
Trying pattern boost_system.so$
Found boost lib libboost_system.so
Trying pattern boost_signals(-gcc[0-9]{0,3})-1_48.so$
Trying pattern boost_signals-1_48.so$
Trying pattern boost_signals(-gcc[0-9]{0,3}).so$
Trying pattern boost_signals.so$
Found boost lib libboost_signals.so
Trying pattern boost_filesystem(-gcc[0-9]{0,3})-1_48.so$
Trying pattern boost_filesystem-1_48.so$
Trying pattern boost_filesystem(-gcc[0-9]{0,3}).so$
Trying pattern boost_filesystem.so$
Found boost lib libboost_filesystem.so
ok
------------------------------------------------------------------
Checking for boost linkage
==>

#include <boost/system/error_code.hpp>
int main() { boost::system::error_code c; }

<==
[1/2] Compiling [32mbuild/.conf_check_2449a3331455ec5d0bafb7d45d48877b/test.cpp[0m

['/usr/bin/g++', '-std=gnu++98', '-std=c++11', '-I/usr/include', '-DNS3_BUILD_PROFILE_DEBUG', '-DNS3_ASSERT_ENABLE', '-DNS3_LOG_ENABLE', '-DPYTHONDIR="/usr/local/lib/python2.7/dist-packages"', '-DPYTHONARCHDIR="/usr/local/lib/python2.7/dist-packages"', '../test.cpp', '-c', '-o', '/work/jgottard/ns-3/ns-3.26/build/.conf_check_2449a3331455ec5d0bafb7d45d48877b/testbuild/test.cpp.1.o']
err: cc1plus: error: unrecognized command line option â€˜-std=c++11â€™

from /work/jgottard/ns-3/ns-3.26/src: Test does not build: Traceback (most recent call last):
  File "/work/jgottard/ns-3/ns-3.26/.waf-1.8.19-b1fc8f7baef51bd2db4c2971909a568d/waflib/Configure.py", line 335, in run_build
    bld.compile()
  File "/work/jgottard/ns-3/ns-3.26/.waf-1.8.19-b1fc8f7baef51bd2db4c2971909a568d/waflib/Build.py", line 185, in compile
    raise Errors.BuildError(self.producer.error)
BuildError: Build failed
 -> task in 'testprog' failed (exit status 1): 
	{task 49501584: cxx test.cpp -> test.cpp.1.o}
['/usr/bin/g++', '-std=gnu++98', '-std=c++11', '-I/usr/include', '-DNS3_BUILD_PROFILE_DEBUG', '-DNS3_ASSERT_ENABLE', '-DNS3_LOG_ENABLE', '-DPYTHONDIR="/usr/local/lib/python2.7/dist-packages"', '-DPYTHONARCHDIR="/usr/local/lib/python2.7/dist-packages"', '../test.cpp', '-c', '-o', '/work/jgottard/ns-3/ns-3.26/build/.conf_check_2449a3331455ec5d0bafb7d45d48877b/testbuild/test.cpp.1.o']

from /work/jgottard/ns-3/ns-3.26/src: The configuration failed
Could not link against boost libraries using supplied options
from /work/jgottard/ns-3/ns-3.26/src: The configuration failed
------------------------------------------------------------------
Checking for click location
not found
------------------------------------------------------------------
Checking for program 'pkg-config'
/usr/bin/pkg-config
find program=['pkg-config'] paths=['/export/alt/condor/bin', '/export/alt/condor/sbin', '/usr/local/cuda/bin', '/usr/local/sbin', '/usr/local/bin', '/usr/sbin', '/usr/bin', '/sbin', '/bin', '/usr/games', '/export/alt/torque/bin', '/export/alt/torque/sbin'] var='PKGCONFIG' -> ['/usr/bin/pkg-config']
------------------------------------------------------------------
Checking for 'gtk+-2.0' >= 2.12
['/usr/bin/pkg-config', '--atleast-version=2.12', 'gtk+-2.0']
not found
from /work/jgottard/ns-3/ns-3.26/src/config-store: The configuration failed
------------------------------------------------------------------
Checking for 'libxml-2.0' >= 2.7
['/usr/bin/pkg-config', '--atleast-version=2.7', 'libxml-2.0']
['/usr/bin/pkg-config', '--cflags', '--libs', 'libxml-2.0']
out: -I/usr/include/libxml2  -lxml2  

yes
------------------------------------------------------------------
Checking for type uint128_t
==>
#include <stdint.h>

int main(int argc, char **argv) {
	(void)argc; (void)argv;
	if ((uint128_t *) 0) return 0;
	if (sizeof (uint128_t)) return 0;
	return 1;
}

<==
[1/2] Compiling [32mbuild/.conf_check_a0350b59c0b80bdea5beaf0f1e5088ea/test.cpp[0m

['/usr/bin/g++', '-std=gnu++98', '-std=c++11', '-DNS3_BUILD_PROFILE_DEBUG', '-DNS3_ASSERT_ENABLE', '-DNS3_LOG_ENABLE', '../test.cpp', '-c', '-o', '/work/jgottard/ns-3/ns-3.26/build/.conf_check_a0350b59c0b80bdea5beaf0f1e5088ea/testbuild/test.cpp.1.o']
err: cc1plus: error: unrecognized command line option â€˜-std=c++11â€™

from /work/jgottard/ns-3/ns-3.26/src/core: Test does not build: Traceback (most recent call last):
  File "/work/jgottard/ns-3/ns-3.26/.waf-1.8.19-b1fc8f7baef51bd2db4c2971909a568d/waflib/Configure.py", line 335, in run_build
    bld.compile()
  File "/work/jgottard/ns-3/ns-3.26/.waf-1.8.19-b1fc8f7baef51bd2db4c2971909a568d/waflib/Build.py", line 185, in compile
    raise Errors.BuildError(self.producer.error)
BuildError: Build failed
 -> task in 'testprog' failed (exit status 1): 
	{task 47678800: cxx test.cpp -> test.cpp.1.o}
['/usr/bin/g++', '-std=gnu++98', '-std=c++11', '-DNS3_BUILD_PROFILE_DEBUG', '-DNS3_ASSERT_ENABLE', '-DNS3_LOG_ENABLE', '../test.cpp', '-c', '-o', '/work/jgottard/ns-3/ns-3.26/build/.conf_check_a0350b59c0b80bdea5beaf0f1e5088ea/testbuild/test.cpp.1.o']

not found
from /work/jgottard/ns-3/ns-3.26/src/core: The configuration failed
------------------------------------------------------------------
Checking for type __uint128_t
==>
#include <stdint.h>

int main(int argc, char **argv) {
	(void)argc; (void)argv;
	if ((__uint128_t *) 0) return 0;
	if (sizeof (__uint128_t)) return 0;
	return 1;
}

<==
[1/2] Compiling [32mbuild/.conf_check_3e65b1064dc216601b8ba49af3d1fb75/test.cpp[0m

['/usr/bin/g++', '-std=gnu++98', '-std=c++11', '-DNS3_BUILD_PROFILE_DEBUG', '-DNS3_ASSERT_ENABLE', '-DNS3_LOG_ENABLE', '../test.cpp', '-c', '-o', '/work/jgottard/ns-3/ns-3.26/build/.conf_check_3e65b1064dc216601b8ba49af3d1fb75/testbuild/test.cpp.1.o']
err: cc1plus: error: unrecognized command line option â€˜-std=c++11â€™

from /work/jgottard/ns-3/ns-3.26/src/core: Test does not build: Traceback (most recent call last):
  File "/work/jgottard/ns-3/ns-3.26/.waf-1.8.19-b1fc8f7baef51bd2db4c2971909a568d/waflib/Configure.py", line 335, in run_build
    bld.compile()
  File "/work/jgottard/ns-3/ns-3.26/.waf-1.8.19-b1fc8f7baef51bd2db4c2971909a568d/waflib/Build.py", line 185, in compile
    raise Errors.BuildError(self.producer.error)
BuildError: Build failed
 -> task in 'testprog' failed (exit status 1): 
	{task 49501840: cxx test.cpp -> test.cpp.1.o}
['/usr/bin/g++', '-std=gnu++98', '-std=c++11', '-DNS3_BUILD_PROFILE_DEBUG', '-DNS3_ASSERT_ENABLE', '-DNS3_LOG_ENABLE', '../test.cpp', '-c', '-o', '/work/jgottard/ns-3/ns-3.26/build/.conf_check_3e65b1064dc216601b8ba49af3d1fb75/testbuild/test.cpp.1.o']

not found
from /work/jgottard/ns-3/ns-3.26/src/core: The configuration failed
------------------------------------------------------------------
Checking high precision implementation
cairo 128-bit integer (default)
------------------------------------------------------------------
Checking for header stdint.h
==>
#include <stdint.h>

int main(int argc, char **argv) {
	(void)argc; (void)argv;
	return 0;
}

<==
[1/2] Compiling [32mbuild/.conf_check_d1c4124c446a1931bd0ca391de5e4320/test.cpp[0m

['/usr/bin/g++', '-std=gnu++98', '-std=c++11', '-DNS3_BUILD_PROFILE_DEBUG', '-DNS3_ASSERT_ENABLE', '-DNS3_LOG_ENABLE', '-DINT64X64_USE_CAIRO=1', '../test.cpp', '-c', '-o', '/work/jgottard/ns-3/ns-3.26/build/.conf_check_d1c4124c446a1931bd0ca391de5e4320/testbuild/test.cpp.1.o']
err: cc1plus: error: unrecognized command line option â€˜-std=c++11â€™

from /work/jgottard/ns-3/ns-3.26/src/core: Test does not build: Traceback (most recent call last):
  File "/work/jgottard/ns-3/ns-3.26/.waf-1.8.19-b1fc8f7baef51bd2db4c2971909a568d/waflib/Configure.py", line 335, in run_build
    bld.compile()
  File "/work/jgottard/ns-3/ns-3.26/.waf-1.8.19-b1fc8f7baef51bd2db4c2971909a568d/waflib/Build.py", line 185, in compile
    raise Errors.BuildError(self.producer.error)
BuildError: Build failed
 -> task in 'testprog' failed (exit status 1): 
	{task 49517008: cxx test.cpp -> test.cpp.1.o}
['/usr/bin/g++', '-std=gnu++98', '-std=c++11', '-DNS3_BUILD_PROFILE_DEBUG', '-DNS3_ASSERT_ENABLE', '-DNS3_LOG_ENABLE', '-DINT64X64_USE_CAIRO=1', '../test.cpp', '-c', '-o', '/work/jgottard/ns-3/ns-3.26/build/.conf_check_d1c4124c446a1931bd0ca391de5e4320/testbuild/test.cpp.1.o']

not found
from /work/jgottard/ns-3/ns-3.26/src/core: The configuration failed
------------------------------------------------------------------
Checking for header inttypes.h
==>
#include <inttypes.h>

int main(int argc, char **argv) {
	(void)argc; (void)argv;
	return 0;
}

<==
[1/2] Compiling [32mbuild/.conf_check_73d3ca40b348a9e12dc9df472ef1162e/test.cpp[0m

['/usr/bin/g++', '-std=gnu++98', '-std=c++11', '-DNS3_BUILD_PROFILE_DEBUG', '-DNS3_ASSERT_ENABLE', '-DNS3_LOG_ENABLE', '-DINT64X64_USE_CAIRO=1', '../test.cpp', '-c', '-o', '/work/jgottard/ns-3/ns-3.26/build/.conf_check_73d3ca40b348a9e12dc9df472ef1162e/testbuild/test.cpp.1.o']
err: cc1plus: error: unrecognized command line option â€˜-std=c++11â€™

from /work/jgottard/ns-3/ns-3.26/src/core: Test does not build: Traceback (most recent call last):
  File "/work/jgottard/ns-3/ns-3.26/.waf-1.8.19-b1fc8f7baef51bd2db4c2971909a568d/waflib/Configure.py", line 335, in run_build
    bld.compile()
  File "/work/jgottard/ns-3/ns-3.26/.waf-1.8.19-b1fc8f7baef51bd2db4c2971909a568d/waflib/Build.py", line 185, in compile
    raise Errors.BuildError(self.producer.error)
BuildError: Build failed
 -> task in 'testprog' failed (exit status 1): 
	{task 49518032: cxx test.cpp -> test.cpp.1.o}
['/usr/bin/g++', '-std=gnu++98', '-std=c++11', '-DNS3_BUILD_PROFILE_DEBUG', '-DNS3_ASSERT_ENABLE', '-DNS3_LOG_ENABLE', '-DINT64X64_USE_CAIRO=1', '../test.cpp', '-c', '-o', '/work/jgottard/ns-3/ns-3.26/build/.conf_check_73d3ca40b348a9e12dc9df472ef1162e/testbuild/test.cpp.1.o']

not found
from /work/jgottard/ns-3/ns-3.26/src/core: The configuration failed
------------------------------------------------------------------
Checking for header sys/inttypes.h
==>
#include <sys/inttypes.h>

int main(int argc, char **argv) {
	(void)argc; (void)argv;
	return 0;
}

<==
[1/2] Compiling [32mbuild/.conf_check_84a5a2e515b8826099a12c1844fd3891/test.cpp[0m

['/usr/bin/g++', '-std=gnu++98', '-std=c++11', '-DNS3_BUILD_PROFILE_DEBUG', '-DNS3_ASSERT_ENABLE', '-DNS3_LOG_ENABLE', '-DINT64X64_USE_CAIRO=1', '../test.cpp', '-c', '-o', '/work/jgottard/ns-3/ns-3.26/build/.conf_check_84a5a2e515b8826099a12c1844fd3891/testbuild/test.cpp.1.o']
err: cc1plus: error: unrecognized command line option â€˜-std=c++11â€™

from /work/jgottard/ns-3/ns-3.26/src/core: Test does not build: Traceback (most recent call last):
  File "/work/jgottard/ns-3/ns-3.26/.waf-1.8.19-b1fc8f7baef51bd2db4c2971909a568d/waflib/Configure.py", line 335, in run_build
    bld.compile()
  File "/work/jgottard/ns-3/ns-3.26/.waf-1.8.19-b1fc8f7baef51bd2db4c2971909a568d/waflib/Build.py", line 185, in compile
    raise Errors.BuildError(self.producer.error)
BuildError: Build failed
 -> task in 'testprog' failed (exit status 1): 
	{task 49542416: cxx test.cpp -> test.cpp.1.o}
['/usr/bin/g++', '-std=gnu++98', '-std=c++11', '-DNS3_BUILD_PROFILE_DEBUG', '-DNS3_ASSERT_ENABLE', '-DNS3_LOG_ENABLE', '-DINT64X64_USE_CAIRO=1', '../test.cpp', '-c', '-o', '/work/jgottard/ns-3/ns-3.26/build/.conf_check_84a5a2e515b8826099a12c1844fd3891/testbuild/test.cpp.1.o']

not found
from /work/jgottard/ns-3/ns-3.26/src/core: The configuration failed
------------------------------------------------------------------
Checking for header sys/types.h
==>
#include <sys/types.h>

int main(int argc, char **argv) {
	(void)argc; (void)argv;
	return 0;
}

<==
[1/2] Compiling [32mbuild/.conf_check_e7741b397b41884210320567ffcd49c8/test.cpp[0m

['/usr/bin/g++', '-std=gnu++98', '-std=c++11', '-DNS3_BUILD_PROFILE_DEBUG', '-DNS3_ASSERT_ENABLE', '-DNS3_LOG_ENABLE', '-DINT64X64_USE_CAIRO=1', '../test.cpp', '-c', '-o', '/work/jgottard/ns-3/ns-3.26/build/.conf_check_e7741b397b41884210320567ffcd49c8/testbuild/test.cpp.1.o']
err: cc1plus: error: unrecognized command line option â€˜-std=c++11â€™

from /work/jgottard/ns-3/ns-3.26/src/core: Test does not build: Traceback (most recent call last):
  File "/work/jgottard/ns-3/ns-3.26/.waf-1.8.19-b1fc8f7baef51bd2db4c2971909a568d/waflib/Configure.py", line 335, in run_build
    bld.compile()
  File "/work/jgottard/ns-3/ns-3.26/.waf-1.8.19-b1fc8f7baef51bd2db4c2971909a568d/waflib/Build.py", line 185, in compile
    raise Errors.BuildError(self.producer.error)
BuildError: Build failed
 -> task in 'testprog' failed (exit status 1): 
	{task 49542480: cxx test.cpp -> test.cpp.1.o}
['/usr/bin/g++', '-std=gnu++98', '-std=c++11', '-DNS3_BUILD_PROFILE_DEBUG', '-DNS3_ASSERT_ENABLE', '-DNS3_LOG_ENABLE', '-DINT64X64_USE_CAIRO=1', '../test.cpp', '-c', '-o', '/work/jgottard/ns-3/ns-3.26/build/.conf_check_e7741b397b41884210320567ffcd49c8/testbuild/test.cpp.1.o']

not found
from /work/jgottard/ns-3/ns-3.26/src/core: The configuration failed
------------------------------------------------------------------
Checking for header sys/stat.h
==>
#include <sys/stat.h>

int main(int argc, char **argv) {
	(void)argc; (void)argv;
	return 0;
}

<==
[1/2] Compiling [32mbuild/.conf_check_acfa1b021d49239cc2fe23900e271115/test.cpp[0m

['/usr/bin/g++', '-std=gnu++98', '-std=c++11', '-DNS3_BUILD_PROFILE_DEBUG', '-DNS3_ASSERT_ENABLE', '-DNS3_LOG_ENABLE', '-DINT64X64_USE_CAIRO=1', '../test.cpp', '-c', '-o', '/work/jgottard/ns-3/ns-3.26/build/.conf_check_acfa1b021d49239cc2fe23900e271115/testbuild/test.cpp.1.o']
err: cc1plus: error: unrecognized command line option â€˜-std=c++11â€™

from /work/jgottard/ns-3/ns-3.26/src/core: Test does not build: Traceback (most recent call last):
  File "/work/jgottard/ns-3/ns-3.26/.waf-1.8.19-b1fc8f7baef51bd2db4c2971909a568d/waflib/Configure.py", line 335, in run_build
    bld.compile()
  File "/work/jgottard/ns-3/ns-3.26/.waf-1.8.19-b1fc8f7baef51bd2db4c2971909a568d/waflib/Build.py", line 185, in compile
    raise Errors.BuildError(self.producer.error)
BuildError: Build failed
 -> task in 'testprog' failed (exit status 1): 
	{task 49496464: cxx test.cpp -> test.cpp.1.o}
['/usr/bin/g++', '-std=gnu++98', '-std=c++11', '-DNS3_BUILD_PROFILE_DEBUG', '-DNS3_ASSERT_ENABLE', '-DNS3_LOG_ENABLE', '-DINT64X64_USE_CAIRO=1', '../test.cpp', '-c', '-o', '/work/jgottard/ns-3/ns-3.26/build/.conf_check_acfa1b021d49239cc2fe23900e271115/testbuild/test.cpp.1.o']

not found
from /work/jgottard/ns-3/ns-3.26/src/core: The configuration failed
------------------------------------------------------------------
Checking for header dirent.h
==>
#include <dirent.h>

int main(int argc, char **argv) {
	(void)argc; (void)argv;
	return 0;
}

<==
[1/2] Compiling [32mbuild/.conf_check_03e26e7fd1a30b592d40f0ce06e86699/test.cpp[0m

['/usr/bin/g++', '-std=gnu++98', '-std=c++11', '-DNS3_BUILD_PROFILE_DEBUG', '-DNS3_ASSERT_ENABLE', '-DNS3_LOG_ENABLE', '-DINT64X64_USE_CAIRO=1', '../test.cpp', '-c', '-o', '/work/jgottard/ns-3/ns-3.26/build/.conf_check_03e26e7fd1a30b592d40f0ce06e86699/testbuild/test.cpp.1.o']
err: cc1plus: error: unrecognized command line option â€˜-std=c++11â€™

from /work/jgottard/ns-3/ns-3.26/src/core: Test does not build: Traceback (most recent call last):
  File "/work/jgottard/ns-3/ns-3.26/.waf-1.8.19-b1fc8f7baef51bd2db4c2971909a568d/waflib/Configure.py", line 335, in run_build
    bld.compile()
  File "/work/jgottard/ns-3/ns-3.26/.waf-1.8.19-b1fc8f7baef51bd2db4c2971909a568d/waflib/Build.py", line 185, in compile
    raise Errors.BuildError(self.producer.error)
BuildError: Build failed
 -> task in 'testprog' failed (exit status 1): 
	{task 49541712: cxx test.cpp -> test.cpp.1.o}
['/usr/bin/g++', '-std=gnu++98', '-std=c++11', '-DNS3_BUILD_PROFILE_DEBUG', '-DNS3_ASSERT_ENABLE', '-DNS3_LOG_ENABLE', '-DINT64X64_USE_CAIRO=1', '../test.cpp', '-c', '-o', '/work/jgottard/ns-3/ns-3.26/build/.conf_check_03e26e7fd1a30b592d40f0ce06e86699/testbuild/test.cpp.1.o']

not found
from /work/jgottard/ns-3/ns-3.26/src/core: The configuration failed
------------------------------------------------------------------
Checking for header stdlib.h
==>
#include <stdlib.h>

int main(int argc, char **argv) {
	(void)argc; (void)argv;
	return 0;
}

<==
[1/2] Compiling [32mbuild/.conf_check_860f668d0224fb8d0ad6124ca51a2268/test.cpp[0m

['/usr/bin/g++', '-std=gnu++98', '-std=c++11', '-DNS3_BUILD_PROFILE_DEBUG', '-DNS3_ASSERT_ENABLE', '-DNS3_LOG_ENABLE', '-DINT64X64_USE_CAIRO=1', '../test.cpp', '-c', '-o', '/work/jgottard/ns-3/ns-3.26/build/.conf_check_860f668d0224fb8d0ad6124ca51a2268/testbuild/test.cpp.1.o']
err: cc1plus: error: unrecognized command line option â€˜-std=c++11â€™

from /work/jgottard/ns-3/ns-3.26/src/core: Test does not build: Traceback (most recent call last):
  File "/work/jgottard/ns-3/ns-3.26/.waf-1.8.19-b1fc8f7baef51bd2db4c2971909a568d/waflib/Configure.py", line 335, in run_build
    bld.compile()
  File "/work/jgottard/ns-3/ns-3.26/.waf-1.8.19-b1fc8f7baef51bd2db4c2971909a568d/waflib/Build.py", line 185, in compile
    raise Errors.BuildError(self.producer.error)
BuildError: Build failed
 -> task in 'testprog' failed (exit status 1): 
	{task 49544528: cxx test.cpp -> test.cpp.1.o}
['/usr/bin/g++', '-std=gnu++98', '-std=c++11', '-DNS3_BUILD_PROFILE_DEBUG', '-DNS3_ASSERT_ENABLE', '-DNS3_LOG_ENABLE', '-DINT64X64_USE_CAIRO=1', '../test.cpp', '-c', '-o', '/work/jgottard/ns-3/ns-3.26/build/.conf_check_860f668d0224fb8d0ad6124ca51a2268/testbuild/test.cpp.1.o']

not found
from /work/jgottard/ns-3/ns-3.26/src/core: The configuration failed
------------------------------------------------------------------
Checking for header signal.h
==>
#include <signal.h>

int main(int argc, char **argv) {
	(void)argc; (void)argv;
	return 0;
}

<==
[1/2] Compiling [32mbuild/.conf_check_080b677ae493ce478858e36953af866f/test.cpp[0m

['/usr/bin/g++', '-std=gnu++98', '-std=c++11', '-DNS3_BUILD_PROFILE_DEBUG', '-DNS3_ASSERT_ENABLE', '-DNS3_LOG_ENABLE', '-DINT64X64_USE_CAIRO=1', '../test.cpp', '-c', '-o', '/work/jgottard/ns-3/ns-3.26/build/.conf_check_080b677ae493ce478858e36953af866f/testbuild/test.cpp.1.o']
err: cc1plus: error: unrecognized command line option â€˜-std=c++11â€™

from /work/jgottard/ns-3/ns-3.26/src/core: Test does not build: Traceback (most recent call last):
  File "/work/jgottard/ns-3/ns-3.26/.waf-1.8.19-b1fc8f7baef51bd2db4c2971909a568d/waflib/Configure.py", line 335, in run_build
    bld.compile()
  File "/work/jgottard/ns-3/ns-3.26/.waf-1.8.19-b1fc8f7baef51bd2db4c2971909a568d/waflib/Build.py", line 185, in compile
    raise Errors.BuildError(self.producer.error)
BuildError: Build failed
 -> task in 'testprog' failed (exit status 1): 
	{task 49520400: cxx test.cpp -> test.cpp.1.o}
['/usr/bin/g++', '-std=gnu++98', '-std=c++11', '-DNS3_BUILD_PROFILE_DEBUG', '-DNS3_ASSERT_ENABLE', '-DNS3_LOG_ENABLE', '-DINT64X64_USE_CAIRO=1', '../test.cpp', '-c', '-o', '/work/jgottard/ns-3/ns-3.26/build/.conf_check_080b677ae493ce478858e36953af866f/testbuild/test.cpp.1.o']

not found
from /work/jgottard/ns-3/ns-3.26/src/core: The configuration failed
------------------------------------------------------------------
Checking for header pthread.h
==>

#include <pthread.h>
int main ()
{
   pthread_mutex_t m;
   pthread_mutex_init (&m, NULL);
   return 0;
}

<==
[1/2] Compiling [32mbuild/.conf_check_a26d793160f9313e22d27099923bcedd/test.cpp[0m

['/usr/bin/g++', '-std=gnu++98', '-std=c++11', '-pthread', '-DNS3_BUILD_PROFILE_DEBUG', '-DNS3_ASSERT_ENABLE', '-DNS3_LOG_ENABLE', '-DINT64X64_USE_CAIRO=1', '../test.cpp', '-c', '-o', '/work/jgottard/ns-3/ns-3.26/build/.conf_check_a26d793160f9313e22d27099923bcedd/testbuild/test.cpp.1.o']
err: cc1plus: error: unrecognized command line option â€˜-std=c++11â€™

from /work/jgottard/ns-3/ns-3.26/src/core: Test does not build: Traceback (most recent call last):
  File "/work/jgottard/ns-3/ns-3.26/.waf-1.8.19-b1fc8f7baef51bd2db4c2971909a568d/waflib/Configure.py", line 335, in run_build
    bld.compile()
  File "/work/jgottard/ns-3/ns-3.26/.waf-1.8.19-b1fc8f7baef51bd2db4c2971909a568d/waflib/Build.py", line 185, in compile
    raise Errors.BuildError(self.producer.error)
BuildError: Build failed
 -> task in 'testprog' failed (exit status 1): 
	{task 49520592: cxx test.cpp -> test.cpp.1.o}
['/usr/bin/g++', '-std=gnu++98', '-std=c++11', '-pthread', '-DNS3_BUILD_PROFILE_DEBUG', '-DNS3_ASSERT_ENABLE', '-DNS3_LOG_ENABLE', '-DINT64X64_USE_CAIRO=1', '../test.cpp', '-c', '-o', '/work/jgottard/ns-3/ns-3.26/build/.conf_check_a26d793160f9313e22d27099923bcedd/testbuild/test.cpp.1.o']

Could not find pthread support (build/config.log for details)
from /work/jgottard/ns-3/ns-3.26/src/core: The configuration failed
------------------------------------------------------------------
Checking for header stdint.h
==>
#include <stdint.h>

int main(int argc, char **argv) {
	(void)argc; (void)argv;
	return 0;
}

<==
[1/2] Compiling [32mbuild/.conf_check_d1c4124c446a1931bd0ca391de5e4320/test.cpp[0m

['/usr/bin/g++', '-std=gnu++98', '-std=c++11', '-DNS3_BUILD_PROFILE_DEBUG', '-DNS3_ASSERT_ENABLE', '-DNS3_LOG_ENABLE', '-DINT64X64_USE_CAIRO=1', '../test.cpp', '-c', '-o', '/work/jgottard/ns-3/ns-3.26/build/.conf_check_d1c4124c446a1931bd0ca391de5e4320/testbuild/test.cpp.1.o']
err: cc1plus: error: unrecognized command line option â€˜-std=c++11â€™

from /work/jgottard/ns-3/ns-3.26/src/core: Test does not build: Traceback (most recent call last):
  File "/work/jgottard/ns-3/ns-3.26/.waf-1.8.19-b1fc8f7baef51bd2db4c2971909a568d/waflib/Configure.py", line 335, in run_build
    bld.compile()
  File "/work/jgottard/ns-3/ns-3.26/.waf-1.8.19-b1fc8f7baef51bd2db4c2971909a568d/waflib/Build.py", line 185, in compile
    raise Errors.BuildError(self.producer.error)
BuildError: Build failed
 -> task in 'testprog' failed (exit status 1): 
	{task 49496336: cxx test.cpp -> test.cpp.1.o}
['/usr/bin/g++', '-std=gnu++98', '-std=c++11', '-DNS3_BUILD_PROFILE_DEBUG', '-DNS3_ASSERT_ENABLE', '-DNS3_LOG_ENABLE', '-DINT64X64_USE_CAIRO=1', '../test.cpp', '-c', '-o', '/work/jgottard/ns-3/ns-3.26/build/.conf_check_d1c4124c446a1931bd0ca391de5e4320/testbuild/test.cpp.1.o']

not found
from /work/jgottard/ns-3/ns-3.26/src/core: The configuration failed
------------------------------------------------------------------
Checking for header inttypes.h
==>
#include <inttypes.h>

int main(int argc, char **argv) {
	(void)argc; (void)argv;
	return 0;
}

<==
[1/2] Compiling [32mbuild/.conf_check_73d3ca40b348a9e12dc9df472ef1162e/test.cpp[0m

['/usr/bin/g++', '-std=gnu++98', '-std=c++11', '-DNS3_BUILD_PROFILE_DEBUG', '-DNS3_ASSERT_ENABLE', '-DNS3_LOG_ENABLE', '-DINT64X64_USE_CAIRO=1', '../test.cpp', '-c', '-o', '/work/jgottard/ns-3/ns-3.26/build/.conf_check_73d3ca40b348a9e12dc9df472ef1162e/testbuild/test.cpp.1.o']
err: cc1plus: error: unrecognized command line option â€˜-std=c++11â€™

from /work/jgottard/ns-3/ns-3.26/src/core: Test does not build: Traceback (most recent call last):
  File "/work/jgottard/ns-3/ns-3.26/.waf-1.8.19-b1fc8f7baef51bd2db4c2971909a568d/waflib/Configure.py", line 335, in run_build
    bld.compile()
  File "/work/jgottard/ns-3/ns-3.26/.waf-1.8.19-b1fc8f7baef51bd2db4c2971909a568d/waflib/Build.py", line 185, in compile
    raise Errors.BuildError(self.producer.error)
BuildError: Build failed
 -> task in 'testprog' failed (exit status 1): 
	{task 49497744: cxx test.cpp -> test.cpp.1.o}
['/usr/bin/g++', '-std=gnu++98', '-std=c++11', '-DNS3_BUILD_PROFILE_DEBUG', '-DNS3_ASSERT_ENABLE', '-DNS3_LOG_ENABLE', '-DINT64X64_USE_CAIRO=1', '../test.cpp', '-c', '-o', '/work/jgottard/ns-3/ns-3.26/build/.conf_check_73d3ca40b348a9e12dc9df472ef1162e/testbuild/test.cpp.1.o']

not found
from /work/jgottard/ns-3/ns-3.26/src/core: The configuration failed
------------------------------------------------------------------
Checking for header sys/inttypes.h
==>
#include <sys/inttypes.h>

int main(int argc, char **argv) {
	(void)argc; (void)argv;
	return 0;
}

<==
[1/2] Compiling [32mbuild/.conf_check_84a5a2e515b8826099a12c1844fd3891/test.cpp[0m

['/usr/bin/g++', '-std=gnu++98', '-std=c++11', '-DNS3_BUILD_PROFILE_DEBUG', '-DNS3_ASSERT_ENABLE', '-DNS3_LOG_ENABLE', '-DINT64X64_USE_CAIRO=1', '../test.cpp', '-c', '-o', '/work/jgottard/ns-3/ns-3.26/build/.conf_check_84a5a2e515b8826099a12c1844fd3891/testbuild/test.cpp.1.o']
err: cc1plus: error: unrecognized command line option â€˜-std=c++11â€™

from /work/jgottard/ns-3/ns-3.26/src/core: Test does not build: Traceback (most recent call last):
  File "/work/jgottard/ns-3/ns-3.26/.waf-1.8.19-b1fc8f7baef51bd2db4c2971909a568d/waflib/Configure.py", line 335, in run_build
    bld.compile()
  File "/work/jgottard/ns-3/ns-3.26/.waf-1.8.19-b1fc8f7baef51bd2db4c2971909a568d/waflib/Build.py", line 185, in compile
    raise Errors.BuildError(self.producer.error)
BuildError: Build failed
 -> task in 'testprog' failed (exit status 1): 
	{task 49554832: cxx test.cpp -> test.cpp.1.o}
['/usr/bin/g++', '-std=gnu++98', '-std=c++11', '-DNS3_BUILD_PROFILE_DEBUG', '-DNS3_ASSERT_ENABLE', '-DNS3_LOG_ENABLE', '-DINT64X64_USE_CAIRO=1', '../test.cpp', '-c', '-o', '/work/jgottard/ns-3/ns-3.26/build/.conf_check_84a5a2e515b8826099a12c1844fd3891/testbuild/test.cpp.1.o']

not found
from /work/jgottard/ns-3/ns-3.26/src/core: The configuration failed
------------------------------------------------------------------
Checking for library rt
==>

int main(int argc, char **argv) {
	(void)argc; (void)argv;
	return 0;
}

<==
[1/2] Compiling [32mbuild/.conf_check_4fc5fcb50387aa78f15883acedafeebb/test.cpp[0m

['/usr/bin/g++', '-std=gnu++98', '-std=c++11', '-DNS3_BUILD_PROFILE_DEBUG', '-DNS3_ASSERT_ENABLE', '-DNS3_LOG_ENABLE', '-DINT64X64_USE_CAIRO=1', '../test.cpp', '-c', '-o', '/work/jgottard/ns-3/ns-3.26/build/.conf_check_4fc5fcb50387aa78f15883acedafeebb/testbuild/test.cpp.1.o']
err: cc1plus: error: unrecognized command line option â€˜-std=c++11â€™

from /work/jgottard/ns-3/ns-3.26/src/core: Test does not build: Traceback (most recent call last):
  File "/work/jgottard/ns-3/ns-3.26/.waf-1.8.19-b1fc8f7baef51bd2db4c2971909a568d/waflib/Configure.py", line 335, in run_build
    bld.compile()
  File "/work/jgottard/ns-3/ns-3.26/.waf-1.8.19-b1fc8f7baef51bd2db4c2971909a568d/waflib/Build.py", line 185, in compile
    raise Errors.BuildError(self.producer.error)
BuildError: Build failed
 -> task in 'testprog' failed (exit status 1): 
	{task 49498960: cxx test.cpp -> test.cpp.1.o}
['/usr/bin/g++', '-std=gnu++98', '-std=c++11', '-DNS3_BUILD_PROFILE_DEBUG', '-DNS3_ASSERT_ENABLE', '-DNS3_LOG_ENABLE', '-DINT64X64_USE_CAIRO=1', '../test.cpp', '-c', '-o', '/work/jgottard/ns-3/ns-3.26/build/.conf_check_4fc5fcb50387aa78f15883acedafeebb/testbuild/test.cpp.1.o']

not found
from /work/jgottard/ns-3/ns-3.26/src/core: The configuration failed
------------------------------------------------------------------
Checking for NSC location
not found
------------------------------------------------------------------
Checking for OpenFlow location
not found
------------------------------------------------------------------
Checking for 'sqlite3'
['/usr/bin/pkg-config', '--cflags', '--libs', 'sqlite3']
out:  -lsqlite3  

yes
------------------------------------------------------------------
Checking for program 'sudo'
/usr/bin/sudo
find program=['sudo'] paths=['/export/alt/condor/bin', '/export/alt/condor/sbin', '/usr/local/cuda/bin', '/usr/local/sbin', '/usr/local/bin', '/usr/sbin', '/usr/bin', '/sbin', '/bin', '/usr/games', '/export/alt/torque/bin', '/export/alt/torque/sbin'] var='SUDO' -> ['/usr/bin/sudo']
------------------------------------------------------------------
Checking for program 'valgrind'
/usr/bin/valgrind
find program=['valgrind'] paths=['/export/alt/condor/bin', '/export/alt/condor/sbin', '/usr/local/cuda/bin', '/usr/local/sbin', '/usr/local/bin', '/usr/sbin', '/usr/bin', '/sbin', '/bin', '/usr/games', '/export/alt/torque/bin', '/export/alt/torque/sbin'] var='VALGRIND' -> ['/usr/bin/valgrind']
------------------------------------------------------------------
Checking for 'gsl'
['/usr/bin/pkg-config', '--cflags', '--libs', 'gsl']
out:  -lgsl -lgslcblas -lm  

yes
------------------------------------------------------------------
python-config
not found
find program=['libgcrypt-config'] paths=['/export/alt/condor/bin', '/export/alt/condor/sbin', '/usr/local/cuda/bin', '/usr/local/sbin', '/usr/local/bin', '/usr/sbin', '/usr/bin', '/sbin', '/bin', '/usr/games', '/export/alt/torque/bin', '/export/alt/torque/sbin'] var='LIBGCRYPT_CONFIG' -> None
from /work/jgottard/ns-3/ns-3.26: Could not find the program ['libgcrypt-config']
------------------------------------------------------------------
Checking for compilation flag -Wno-error=deprecated-d... support
==>
int main() { return 0; }
<==
[1/1] Compiling [32mbuild/.conf_check_6fb7b4a50e3278b1efa1869765f10d65/test.c[0m

['/usr/bin/gcc', '-Wno-error=deprecated-declarations', '-DNS3_BUILD_PROFILE_DEBUG', '-DNS3_ASSERT_ENABLE', '-DNS3_LOG_ENABLE', '../test.c', '-c', '-o', '/work/jgottard/ns-3/ns-3.26/build/.conf_check_6fb7b4a50e3278b1efa1869765f10d65/testbuild/test.c.1.o']
ok
------------------------------------------------------------------
Checking for compilation flag -fstrict-aliasing support
==>
int main() { return 0; }
<==
[1/1] Compiling [32mbuild/.conf_check_6fb7b4a50e3278b1efa1869765f10d65/test.c[0m

['/usr/bin/gcc', '-fstrict-aliasing', '-DNS3_BUILD_PROFILE_DEBUG', '-DNS3_ASSERT_ENABLE', '-DNS3_LOG_ENABLE', '../test.c', '-c', '-o', '/work/jgottard/ns-3/ns-3.26/build/.conf_check_6fb7b4a50e3278b1efa1869765f10d65/testbuild/test.c.1.o']
ok
------------------------------------------------------------------
Checking for compilation flag -Wstrict-aliasing support
==>
int main() { return 0; }
<==
[1/1] Compiling [32mbuild/.conf_check_6fb7b4a50e3278b1efa1869765f10d65/test.c[0m

['/usr/bin/gcc', '-Wstrict-aliasing', '-DNS3_BUILD_PROFILE_DEBUG', '-DNS3_ASSERT_ENABLE', '-DNS3_LOG_ENABLE', '../test.c', '-c', '-o', '/work/jgottard/ns-3/ns-3.26/build/.conf_check_6fb7b4a50e3278b1efa1869765f10d65/testbuild/test.c.1.o']
ok
------------------------------------------------------------------
Checking for program 'doxygen'
/usr/bin/doxygen
find program=['doxygen'] paths=['/export/alt/condor/bin', '/export/alt/condor/sbin', '/usr/local/cuda/bin', '/usr/local/sbin', '/usr/local/bin', '/usr/sbin', '/usr/bin', '/sbin', '/bin', '/usr/games', '/export/alt/torque/bin', '/export/alt/torque/sbin'] var='DOXYGEN' -> ['/usr/bin/doxygen']
